Running: C:\Xilinx\14.7\ISE_DS\ISE\bin\nt64\unwrapped\fuse.exe -intstyle ise -incremental -lib secureip -o D:/Local Work/ALU_Lab/MUX_MUX_sch_tb_isim_beh.exe -prj D:/Local Work/ALU_Lab/MUX_MUX_sch_tb_beh.prj work.MUX_MUX_sch_tb 
ISim P.20131013 (signature 0x7708f090)
Number of CPUs detected in this system: 12
Turning on mult-threading, number of parallel sub-compilation jobs: 24 
Determining compilation order of HDL files
Parsing VHDL file "D:/Local Work/ALU_Lab/MUX.vhf" into library work
Parsing VHDL file "D:/Local Work/ALU_Lab/MUX_tb.vhd" into library work
Starting static elaboration
Completed static elaboration
Compiling package standard
Compiling package std_logic_1164
Compiling package numeric_std
Compiling package vcomponents
Compiling architecture and3_v of entity AND3 [and3_default]
Compiling architecture or4_v of entity OR4 [or4_default]
Compiling architecture inv_v of entity INV [inv_default]
Compiling architecture behavioral of entity MUX [mux_default]
Compiling architecture behavioral of entity mux_mux_sch_tb
Time Resolution for simulation is 1ps.
Compiled 13 VHDL Units
Built simulation executable D:/Local Work/ALU_Lab/MUX_MUX_sch_tb_isim_beh.exe
Fuse Memory Usage: 48372 KB
Fuse CPU Usage: 483 ms
